<?xml version="1.0" encoding="UTF-8"?>
<oma>
<omInterface>
    <traceMsg>
        <localIpType>1</localIpType>
        <localIpAddr>3004:0:0:0:0:0:0:3001</localIpAddr>
        <localIpPort>8000</localIpPort>
        <remoteIpType>1</remoteIpType>
        <remoteIpAddr>3004:0:0:0:0:0:0:3003</remoteIpAddr>
        <remoteIpPort>39584</remoteIpPort>
        <userTraceHandle>
            <int>8</int>
        </userTraceHandle>
        <msgType>0</msgType>
        <direction>0</direction>
        <msgName>POST /comserver/omadm</msgName>
        <msgLen>3052</msgLen>
        <msgValue><![CDATA[host: [3004::3001]:8000
content-length: 2934
user-agent: workssys.com
content-type: application/vnd.syncml.dm+xml
<?xml version='1.0' encoding='UTF-8'?><SyncML xmlns='SYNCML:SYNCML1.2'><SyncHdr><VerDTD>1.2</VerDTD><VerProto>DM/1.2</VerProto><SessionID>1</SessionID><MsgID>1</MsgID><Target><LocURI>http://3004::3001:8000/comserver/omadm</LocURI><LocName>OneMS</LocName></Target><Source><LocURI>+8618612345678</LocURI><LocName>+8618612345678</LocName></Source><Cred><Meta><Type xmlns='syncml:metinf'>syncml:auth-md5</Type><Format xmlns='syncml:metinf'>b64</Format></Meta><Data>uTuSUNViOaqIxMxftfMypg==</Data></Cred><Meta><MaxMsgSize xmlns='syncml:metinf'>10000</MaxMsgSize></Meta></SyncHdr><SyncBody><Alert><CmdID>1</CmdID><Data>1201</Data></Alert><Replace><CmdID>2</CmdID><Item><Source><LocURI>./DevInfo/DevId</LocURI></Source><Meta><Format xmlns='syncml:metinf'>chr</Format><Type xmlns='syncml:metinf'>text/plain</Type></Meta><Data>+8618612345678</Data></Item><Item><Source><LocURI>./DevInfo/Man</LocURI></Source><Meta><Format xmlns='syncml:metinf'>chr</Format><Type xmlns='syncml:metinf'>text/plain</Type></Meta><Data>222224</Data></Item><Item><Source><LocURI>./DevInfo/Mod</LocURI></Source><Meta><Format xmlns='syncml:metinf'>chr</Format><Type xmlns='syncml:metinf'>text/plain</Type></Meta><Data>11</Data></Item><Item><Source><LocURI>./DevInfo/DmV</LocURI></Source><Meta><Format xmlns='syncml:metinf'>chr</Format><Type xmlns='syncml:metinf'>text/plain</Type></Meta><Data>1.0</Data></Item><Item><Source><LocURI>./DevInfo/Lang</LocURI></Source><Meta><Format xmlns='syncml:metinf'>chr</Format><Type xmlns='syncml:metinf'>text/plain</Type></Meta><Data>US-en</Data></Item><Item><Source><LocURI>./DevDetail/DevType</LocURI></Source><Meta><Format xmlns='syncml:metinf'>chr</Format><Type xmlns='syncml:metinf'>text/plain</Type></Meta><Data>v0102</Data></Item><Item><Source><LocURI>./DevDetail/FwV</LocURI></Source><Meta><Format xmlns='syncml:metinf'>chr</Format><Type xmlns='syncml:metinf'>text/plain</Type></Meta><Data>V1.2.4.1-01010000</Data></Item><Item><Source><LocURI>./HuaweiExt/Register/Status</LocURI></Source><Meta><Format xmlns='syncml:metinf'>chr</Format><Type xmlns='syncml:metinf'>text/plain</Type></Meta><Data>1</Data></Item><Item><Source><LocURI>./DevDetail/UpgradeStatus</LocURI></Source><Meta><Format xmlns='syncml:metinf'>chr</Format><Type xmlns='syncml:metinf'>text/plain</Type></Meta><Data>0</Data></Item><Item><Source><LocURI>./DevDetail/TerIdentifier</LocURI></Source><Meta><Format xmlns='syncml:metinf'>chr</Format><Type xmlns='syncml:metinf'>text/plain</Type></Meta><Data>+861391213456003</Data></Item><Item><Source><LocURI>./DevDetail/LastProvisioningTime</LocURI></Source><Meta><Format xmlns='syncml:metinf'>chr</Format><Type xmlns='syncml:metinf'>text/plain</Type></Meta><Data>58237000</Data></Item><Item><Source><LocURI>./HuaweiExt/SBCsetting/cfgSBC</LocURI></Source><Meta><Format xmlns='syncml:metinf'>chr</Format><Type xmlns='syncml:metinf'>text/plain</Type></Meta><Data>1</Data></Item></Replace><Final/></SyncBody></SyncML>]]></msgValue>
    </traceMsg>
</omInterface>
<omInterface>
    <traceMsg>
        <localIpType>1</localIpType>
        <localIpAddr>3004:0:0:0:0:0:0:3003</localIpAddr>
        <localIpPort>39584</localIpPort>
        <remoteIpType>1</remoteIpType>
        <remoteIpAddr>3004:0:0:0:0:0:0:3001</remoteIpAddr>
        <remoteIpPort>8000</remoteIpPort>
        <userTraceHandle>
            <int>8</int>
        </userTraceHandle>
        <msgType>0</msgType>
        <direction>1</direction>
        <msgName>200</msgName>
        <msgLen>1376</msgLen>
        <msgValue><![CDATA[Content-Type: application/vnd.syncml.dm+xml
Content-Length: 1272
Date: Fri, 03 Mar 2017 06:36:44 GMT
<?xml version="1.0" encoding="UTF-8"?><SyncML xmlns="SYNCML:SYNCML1.2"><SyncHdr><VerDTD>1.2</VerDTD><VerProto>DM/1.2</VerProto><SessionID>1</SessionID><MsgID>1</MsgID><Target><LocURI>+8618612345678</LocURI><LocName>+8618612345678</LocName></Target><Source><LocURI>OneMS</LocURI><LocName>+8618612345678</LocName></Source><RespURI>http://[3004::3001]:8000/comserver/omadm?sid=E08D7A16195FDBDC42BFFFA285B650A5</RespURI><Cred><Meta><Format xmlns="syncml:metinf">b64</Format><Type xmlns="syncml:metinf">syncml:auth-md5</Type></Meta><Data>mUhA3wVwMjql5lxu/mE5ZA==</Data></Cred><Meta><MaxMsgSize xmlns="syncml:metinf">10000</MaxMsgSize></Meta></SyncHdr><SyncBody><Status><CmdID>1</CmdID><MsgRef>1</MsgRef><CmdRef>0</CmdRef><Cmd>SyncHdr</Cmd><TargetRef>http://3004::3001:8000/comserver/omadm</TargetRef><SourceRef>+8618612345678</SourceRef><Chal><Meta><Format xmlns="syncml:metinf">b64</Format><Type xmlns="syncml:metinf">syncml:auth-md5</Type><NextNonce xmlns="syncml:metinf">MTQ4ODUyMzAwNDQ5Mw==</NextNonce></Meta></Chal><Data>401</Data></Status><Status><CmdID>2</CmdID><MsgRef>1</MsgRef><CmdRef>1</CmdRef><Cmd>Alert</Cmd><Data>401</Data></Status><Status><CmdID>3</CmdID><MsgRef>1</MsgRef><CmdRef>2</CmdRef><Cmd>Replace</Cmd><Data>401</Data></Status><Final/></SyncBody></SyncML>]]></msgValue>
    </traceMsg>
</omInterface>
<omInterface>
    <traceMsg>
        <localIpType>1</localIpType>
        <localIpAddr>3004:0:0:0:0:0:0:3001</localIpAddr>
        <localIpPort>8000</localIpPort>
        <remoteIpType>1</remoteIpType>
        <remoteIpAddr>3004:0:0:0:0:0:0:3003</remoteIpAddr>
        <remoteIpPort>39584</remoteIpPort>
        <userTraceHandle>
            <int>8</int>
        </userTraceHandle>
        <msgType>0</msgType>
        <direction>0</direction>
        <msgName>POST /comserver/omadm?sid=E08D7A16195FDBDC42BFFFA285B650A5</msgName>
        <msgLen>3395</msgLen>
        <msgValue><![CDATA[host: [3004::3001]:8000
content-length: 3277
user-agent: workssys.com
content-type: application/vnd.syncml.dm+xml
<?xml version='1.0' encoding='UTF-8'?><SyncML xmlns='SYNCML:SYNCML1.2'><SyncHdr><VerDTD>1.2</VerDTD><VerProto>DM/1.2</VerProto><SessionID>1</SessionID><MsgID>2</MsgID><Target><LocURI>http://3004::3001:8000/comserver/omadm</LocURI><LocName>OneMS</LocName></Target><Source><LocURI>+8618612345678</LocURI><LocName>+8618612345678</LocName></Source><Cred><Meta><Type xmlns='syncml:metinf'>syncml:auth-md5</Type><Format xmlns='syncml:metinf'>b64</Format></Meta><Data>JGwAMnilK/j2hHSRViebqQ==</Data></Cred><Meta><MaxMsgSize xmlns='syncml:metinf'>10000</MaxMsgSize></Meta></SyncHdr><SyncBody><Status><CmdID>1</CmdID><MsgRef>1</MsgRef><CmdRef>0</CmdRef><Cmd>SyncHdr</Cmd><TargetRef>+8618612345678</TargetRef><SourceRef>OneMS</SourceRef><Chal><Meta><Format xmlns='syncml:metinf'>b64</Format><Type xmlns='syncml:metinf'>syncml:auth-md5</Type><NextNonce xmlns='syncml:metinf'>NzgxMDczMjM5</NextNonce></Meta></Chal><Data>401</Data></Status><Alert><CmdID>2</CmdID><Data>1201</Data></Alert><Replace><CmdID>3</CmdID><Item><Source><LocURI>./DevInfo/DevId</LocURI></Source><Meta><Format xmlns='syncml:metinf'>chr</Format><Type xmlns='syncml:metinf'>text/plain</Type></Meta><Data>+8618612345678</Data></Item><Item><Source><LocURI>./DevInfo/Man</LocURI></Source><Meta><Format xmlns='syncml:metinf'>chr</Format><Type xmlns='syncml:metinf'>text/plain</Type></Meta><Data>222224</Data></Item><Item><Source><LocURI>./DevInfo/Mod</LocURI></Source><Meta><Format xmlns='syncml:metinf'>chr</Format><Type xmlns='syncml:metinf'>text/plain</Type></Meta><Data>11</Data></Item><Item><Source><LocURI>./DevInfo/DmV</LocURI></Source><Meta><Format xmlns='syncml:metinf'>chr</Format><Type xmlns='syncml:metinf'>text/plain</Type></Meta><Data>1.0</Data></Item><Item><Source><LocURI>./DevInfo/Lang</LocURI></Source><Meta><Format xmlns='syncml:metinf'>chr</Format><Type xmlns='syncml:metinf'>text/plain</Type></Meta><Data>US-en</Data></Item><Item><Source><LocURI>./DevDetail/DevType</LocURI></Source><Meta><Format xmlns='syncml:metinf'>chr</Format><Type xmlns='syncml:metinf'>text/plain</Type></Meta><Data>v0102</Data></Item><Item><Source><LocURI>./DevDetail/FwV</LocURI></Source><Meta><Format xmlns='syncml:metinf'>chr</Format><Type xmlns='syncml:metinf'>text/plain</Type></Meta><Data>V1.2.4.1-01010000</Data></Item><Item><Source><LocURI>./HuaweiExt/Register/Status</LocURI></Source><Meta><Format xmlns='syncml:metinf'>chr</Format><Type xmlns='syncml:metinf'>text/plain</Type></Meta><Data>1</Data></Item><Item><Source><LocURI>./DevDetail/UpgradeStatus</LocURI></Source><Meta><Format xmlns='syncml:metinf'>chr</Format><Type xmlns='syncml:metinf'>text/plain</Type></Meta><Data>0</Data></Item><Item><Source><LocURI>./DevDetail/TerIdentifier</LocURI></Source><Meta><Format xmlns='syncml:metinf'>chr</Format><Type xmlns='syncml:metinf'>text/plain</Type></Meta><Data>+861391213456003</Data></Item><Item><Source><LocURI>./DevDetail/LastProvisioningTime</LocURI></Source><Meta><Format xmlns='syncml:metinf'>chr</Format><Type xmlns='syncml:metinf'>text/plain</Type></Meta><Data>58237000</Data></Item><Item><Source><LocURI>./HuaweiExt/SBCsetting/cfgSBC</LocURI></Source><Meta><Format xmlns='syncml:metinf'>chr</Format><Type xmlns='syncml:metinf'>text/plain</Type></Meta><Data>1</Data></Item></Replace><Final/></SyncBody></SyncML>]]></msgValue>
    </traceMsg>
</omInterface>
<omInterface>
    <traceMsg>
        <localIpType>1</localIpType>
        <localIpAddr>3004:0:0:0:0:0:0:3003</localIpAddr>
        <localIpPort>39584</localIpPort>
        <remoteIpType>1</remoteIpType>
        <remoteIpAddr>3004:0:0:0:0:0:0:3001</remoteIpAddr>
        <remoteIpPort>8000</remoteIpPort>
        <userTraceHandle>
            <int>8</int>
        </userTraceHandle>
        <msgType>0</msgType>
        <direction>1</direction>
        <msgName>200</msgName>
        <msgLen>1376</msgLen>
        <msgValue><![CDATA[Content-Type: application/vnd.syncml.dm+xml
Content-Length: 1272
Date: Fri, 03 Mar 2017 06:36:44 GMT
<?xml version="1.0" encoding="UTF-8"?><SyncML xmlns="SYNCML:SYNCML1.2"><SyncHdr><VerDTD>1.2</VerDTD><VerProto>DM/1.2</VerProto><SessionID>1</SessionID><MsgID>2</MsgID><Target><LocURI>+8618612345678</LocURI><LocName>+8618612345678</LocName></Target><Source><LocURI>OneMS</LocURI><LocName>+8618612345678</LocName></Source><RespURI>http://[3004::3001]:8000/comserver/omadm?sid=E08D7A16195FDBDC42BFFFA285B650A5</RespURI><Cred><Meta><Format xmlns="syncml:metinf">b64</Format><Type xmlns="syncml:metinf">syncml:auth-md5</Type></Meta><Data>wliWhHs0ShgNvEW2Fu4RCw==</Data></Cred><Meta><MaxMsgSize xmlns="syncml:metinf">10000</MaxMsgSize></Meta></SyncHdr><SyncBody><Status><CmdID>1</CmdID><MsgRef>2</MsgRef><CmdRef>0</CmdRef><Cmd>SyncHdr</Cmd><TargetRef>http://3004::3001:8000/comserver/omadm</TargetRef><SourceRef>+8618612345678</SourceRef><Chal><Meta><Format xmlns="syncml:metinf">b64</Format><Type xmlns="syncml:metinf">syncml:auth-md5</Type><NextNonce xmlns="syncml:metinf">MTQ4ODUyMzAwNDUyNQ==</NextNonce></Meta></Chal><Data>212</Data></Status><Status><CmdID>2</CmdID><MsgRef>2</MsgRef><CmdRef>3</CmdRef><Cmd>Replace</Cmd><Data>200</Data></Status><Status><CmdID>3</CmdID><MsgRef>2</MsgRef><CmdRef>2</CmdRef><Cmd>Alert</Cmd><Data>200</Data></Status><Final/></SyncBody></SyncML>]]></msgValue>
    </traceMsg>
</omInterface>
<omInterface>
    <traceMsg>
        <localIpType>1</localIpType>
        <localIpAddr>3004:0:0:0:0:0:0:3001</localIpAddr>
        <localIpPort>8000</localIpPort>
        <remoteIpType>1</remoteIpType>
        <remoteIpAddr>3004:0:0:0:0:0:0:3003</remoteIpAddr>
        <remoteIpPort>39585</remoteIpPort>
        <userTraceHandle>
            <int>8</int>
        </userTraceHandle>
        <msgType>0</msgType>
        <direction>0</direction>
        <msgName>POST /comserver/omadm</msgName>
        <msgLen>3052</msgLen>
        <msgValue><![CDATA[host: [3004::3001]:8000
content-length: 2934
user-agent: workssys.com
content-type: application/vnd.syncml.dm+xml
<?xml version='1.0' encoding='UTF-8'?><SyncML xmlns='SYNCML:SYNCML1.2'><SyncHdr><VerDTD>1.2</VerDTD><VerProto>DM/1.2</VerProto><SessionID>2</SessionID><MsgID>1</MsgID><Target><LocURI>http://3004::3001:8000/comserver/omadm</LocURI><LocName>OneMS</LocName></Target><Source><LocURI>+8618612345678</LocURI><LocName>+8618612345678</LocName></Source><Cred><Meta><Type xmlns='syncml:metinf'>syncml:auth-md5</Type><Format xmlns='syncml:metinf'>b64</Format></Meta><Data>2FY6wnRaVYi4k9bwXp0Hog==</Data></Cred><Meta><MaxMsgSize xmlns='syncml:metinf'>10000</MaxMsgSize></Meta></SyncHdr><SyncBody><Alert><CmdID>1</CmdID><Data>1201</Data></Alert><Replace><CmdID>2</CmdID><Item><Source><LocURI>./DevInfo/DevId</LocURI></Source><Meta><Format xmlns='syncml:metinf'>chr</Format><Type xmlns='syncml:metinf'>text/plain</Type></Meta><Data>+8618612345678</Data></Item><Item><Source><LocURI>./DevInfo/Man</LocURI></Source><Meta><Format xmlns='syncml:metinf'>chr</Format><Type xmlns='syncml:metinf'>text/plain</Type></Meta><Data>222224</Data></Item><Item><Source><LocURI>./DevInfo/Mod</LocURI></Source><Meta><Format xmlns='syncml:metinf'>chr</Format><Type xmlns='syncml:metinf'>text/plain</Type></Meta><Data>11</Data></Item><Item><Source><LocURI>./DevInfo/DmV</LocURI></Source><Meta><Format xmlns='syncml:metinf'>chr</Format><Type xmlns='syncml:metinf'>text/plain</Type></Meta><Data>1.0</Data></Item><Item><Source><LocURI>./DevInfo/Lang</LocURI></Source><Meta><Format xmlns='syncml:metinf'>chr</Format><Type xmlns='syncml:metinf'>text/plain</Type></Meta><Data>US-en</Data></Item><Item><Source><LocURI>./DevDetail/DevType</LocURI></Source><Meta><Format xmlns='syncml:metinf'>chr</Format><Type xmlns='syncml:metinf'>text/plain</Type></Meta><Data>v0102</Data></Item><Item><Source><LocURI>./DevDetail/FwV</LocURI></Source><Meta><Format xmlns='syncml:metinf'>chr</Format><Type xmlns='syncml:metinf'>text/plain</Type></Meta><Data>V1.2.4.1-01010000</Data></Item><Item><Source><LocURI>./HuaweiExt/Register/Status</LocURI></Source><Meta><Format xmlns='syncml:metinf'>chr</Format><Type xmlns='syncml:metinf'>text/plain</Type></Meta><Data>1</Data></Item><Item><Source><LocURI>./DevDetail/UpgradeStatus</LocURI></Source><Meta><Format xmlns='syncml:metinf'>chr</Format><Type xmlns='syncml:metinf'>text/plain</Type></Meta><Data>0</Data></Item><Item><Source><LocURI>./DevDetail/TerIdentifier</LocURI></Source><Meta><Format xmlns='syncml:metinf'>chr</Format><Type xmlns='syncml:metinf'>text/plain</Type></Meta><Data>+861391213456003</Data></Item><Item><Source><LocURI>./DevDetail/LastProvisioningTime</LocURI></Source><Meta><Format xmlns='syncml:metinf'>chr</Format><Type xmlns='syncml:metinf'>text/plain</Type></Meta><Data>58237000</Data></Item><Item><Source><LocURI>./HuaweiExt/SBCsetting/cfgSBC</LocURI></Source><Meta><Format xmlns='syncml:metinf'>chr</Format><Type xmlns='syncml:metinf'>text/plain</Type></Meta><Data>1</Data></Item></Replace><Final/></SyncBody></SyncML>]]></msgValue>
    </traceMsg>
</omInterface>
<omInterface>
    <traceMsg>
        <localIpType>1</localIpType>
        <localIpAddr>3004:0:0:0:0:0:0:3003</localIpAddr>
        <localIpPort>39585</localIpPort>
        <remoteIpType>1</remoteIpType>
        <remoteIpAddr>3004:0:0:0:0:0:0:3001</remoteIpAddr>
        <remoteIpPort>8000</remoteIpPort>
        <userTraceHandle>
            <int>8</int>
        </userTraceHandle>
        <msgType>0</msgType>
        <direction>1</direction>
        <msgName>200</msgName>
        <msgLen>1376</msgLen>
        <msgValue><![CDATA[Content-Type: application/vnd.syncml.dm+xml
Content-Length: 1272
Date: Fri, 03 Mar 2017 06:36:44 GMT
<?xml version="1.0" encoding="UTF-8"?><SyncML xmlns="SYNCML:SYNCML1.2"><SyncHdr><VerDTD>1.2</VerDTD><VerProto>DM/1.2</VerProto><SessionID>2</SessionID><MsgID>1</MsgID><Target><LocURI>+8618612345678</LocURI><LocName>+8618612345678</LocName></Target><Source><LocURI>OneMS</LocURI><LocName>+8618612345678</LocName></Source><RespURI>http://[3004::3001]:8000/comserver/omadm?sid=E35E7147B610817FE2052D71AD854B54</RespURI><Cred><Meta><Format xmlns="syncml:metinf">b64</Format><Type xmlns="syncml:metinf">syncml:auth-md5</Type></Meta><Data>mUhA3wVwMjql5lxu/mE5ZA==</Data></Cred><Meta><MaxMsgSize xmlns="syncml:metinf">10000</MaxMsgSize></Meta></SyncHdr><SyncBody><Status><CmdID>1</CmdID><MsgRef>1</MsgRef><CmdRef>0</CmdRef><Cmd>SyncHdr</Cmd><TargetRef>http://3004::3001:8000/comserver/omadm</TargetRef><SourceRef>+8618612345678</SourceRef><Chal><Meta><Format xmlns="syncml:metinf">b64</Format><Type xmlns="syncml:metinf">syncml:auth-md5</Type><NextNonce xmlns="syncml:metinf">MTQ4ODUyMzAwNDc0MA==</NextNonce></Meta></Chal><Data>401</Data></Status><Status><CmdID>2</CmdID><MsgRef>1</MsgRef><CmdRef>1</CmdRef><Cmd>Alert</Cmd><Data>401</Data></Status><Status><CmdID>3</CmdID><MsgRef>1</MsgRef><CmdRef>2</CmdRef><Cmd>Replace</Cmd><Data>401</Data></Status><Final/></SyncBody></SyncML>]]></msgValue>
    </traceMsg>
</omInterface>
<omInterface>
    <traceMsg>
        <localIpType>1</localIpType>
        <localIpAddr>3004:0:0:0:0:0:0:3001</localIpAddr>
        <localIpPort>8000</localIpPort>
        <remoteIpType>1</remoteIpType>
        <remoteIpAddr>3004:0:0:0:0:0:0:3003</remoteIpAddr>
        <remoteIpPort>39585</remoteIpPort>
        <userTraceHandle>
            <int>8</int>
        </userTraceHandle>
        <msgType>0</msgType>
        <direction>0</direction>
        <msgName>POST /comserver/omadm?sid=E35E7147B610817FE2052D71AD854B54</msgName>
        <msgLen>3399</msgLen>
        <msgValue><![CDATA[host: [3004::3001]:8000
content-length: 3281
user-agent: workssys.com
content-type: application/vnd.syncml.dm+xml
<?xml version='1.0' encoding='UTF-8'?><SyncML xmlns='SYNCML:SYNCML1.2'><SyncHdr><VerDTD>1.2</VerDTD><VerProto>DM/1.2</VerProto><SessionID>2</SessionID><MsgID>2</MsgID><Target><LocURI>http://3004::3001:8000/comserver/omadm</LocURI><LocName>OneMS</LocName></Target><Source><LocURI>+8618612345678</LocURI><LocName>+8618612345678</LocName></Source><Cred><Meta><Type xmlns='syncml:metinf'>syncml:auth-md5</Type><Format xmlns='syncml:metinf'>b64</Format></Meta><Data>YYETawLzfEmPXwNff8VtuQ==</Data></Cred><Meta><MaxMsgSize xmlns='syncml:metinf'>10000</MaxMsgSize></Meta></SyncHdr><SyncBody><Status><CmdID>1</CmdID><MsgRef>1</MsgRef><CmdRef>0</CmdRef><Cmd>SyncHdr</Cmd><TargetRef>+8618612345678</TargetRef><SourceRef>OneMS</SourceRef><Chal><Meta><Format xmlns='syncml:metinf'>b64</Format><Type xmlns='syncml:metinf'>syncml:auth-md5</Type><NextNonce xmlns='syncml:metinf'>MTU1MDA0MjQ4Nw==</NextNonce></Meta></Chal><Data>401</Data></Status><Alert><CmdID>2</CmdID><Data>1201</Data></Alert><Replace><CmdID>3</CmdID><Item><Source><LocURI>./DevInfo/DevId</LocURI></Source><Meta><Format xmlns='syncml:metinf'>chr</Format><Type xmlns='syncml:metinf'>text/plain</Type></Meta><Data>+8618612345678</Data></Item><Item><Source><LocURI>./DevInfo/Man</LocURI></Source><Meta><Format xmlns='syncml:metinf'>chr</Format><Type xmlns='syncml:metinf'>text/plain</Type></Meta><Data>222224</Data></Item><Item><Source><LocURI>./DevInfo/Mod</LocURI></Source><Meta><Format xmlns='syncml:metinf'>chr</Format><Type xmlns='syncml:metinf'>text/plain</Type></Meta><Data>11</Data></Item><Item><Source><LocURI>./DevInfo/DmV</LocURI></Source><Meta><Format xmlns='syncml:metinf'>chr</Format><Type xmlns='syncml:metinf'>text/plain</Type></Meta><Data>1.0</Data></Item><Item><Source><LocURI>./DevInfo/Lang</LocURI></Source><Meta><Format xmlns='syncml:metinf'>chr</Format><Type xmlns='syncml:metinf'>text/plain</Type></Meta><Data>US-en</Data></Item><Item><Source><LocURI>./DevDetail/DevType</LocURI></Source><Meta><Format xmlns='syncml:metinf'>chr</Format><Type xmlns='syncml:metinf'>text/plain</Type></Meta><Data>v0102</Data></Item><Item><Source><LocURI>./DevDetail/FwV</LocURI></Source><Meta><Format xmlns='syncml:metinf'>chr</Format><Type xmlns='syncml:metinf'>text/plain</Type></Meta><Data>V1.2.4.1-01010000</Data></Item><Item><Source><LocURI>./HuaweiExt/Register/Status</LocURI></Source><Meta><Format xmlns='syncml:metinf'>chr</Format><Type xmlns='syncml:metinf'>text/plain</Type></Meta><Data>1</Data></Item><Item><Source><LocURI>./DevDetail/UpgradeStatus</LocURI></Source><Meta><Format xmlns='syncml:metinf'>chr</Format><Type xmlns='syncml:metinf'>text/plain</Type></Meta><Data>0</Data></Item><Item><Source><LocURI>./DevDetail/TerIdentifier</LocURI></Source><Meta><Format xmlns='syncml:metinf'>chr</Format><Type xmlns='syncml:metinf'>text/plain</Type></Meta><Data>+861391213456003</Data></Item><Item><Source><LocURI>./DevDetail/LastProvisioningTime</LocURI></Source><Meta><Format xmlns='syncml:metinf'>chr</Format><Type xmlns='syncml:metinf'>text/plain</Type></Meta><Data>58237000</Data></Item><Item><Source><LocURI>./HuaweiExt/SBCsetting/cfgSBC</LocURI></Source><Meta><Format xmlns='syncml:metinf'>chr</Format><Type xmlns='syncml:metinf'>text/plain</Type></Meta><Data>1</Data></Item></Replace><Final/></SyncBody></SyncML>]]></msgValue>
    </traceMsg>
</omInterface>
<omInterface>
    <traceMsg>
        <localIpType>1</localIpType>
        <localIpAddr>3004:0:0:0:0:0:0:3003</localIpAddr>
        <localIpPort>39585</localIpPort>
        <remoteIpType>1</remoteIpType>
        <remoteIpAddr>3004:0:0:0:0:0:0:3001</remoteIpAddr>
        <remoteIpPort>8000</remoteIpPort>
        <userTraceHandle>
            <int>8</int>
        </userTraceHandle>
        <msgType>0</msgType>
        <direction>1</direction>
        <msgName>200</msgName>
        <msgLen>1376</msgLen>
        <msgValue><![CDATA[Content-Type: application/vnd.syncml.dm+xml
Content-Length: 1272
Date: Fri, 03 Mar 2017 06:36:44 GMT
<?xml version="1.0" encoding="UTF-8"?><SyncML xmlns="SYNCML:SYNCML1.2"><SyncHdr><VerDTD>1.2</VerDTD><VerProto>DM/1.2</VerProto><SessionID>2</SessionID><MsgID>2</MsgID><Target><LocURI>+8618612345678</LocURI><LocName>+8618612345678</LocName></Target><Source><LocURI>OneMS</LocURI><LocName>+8618612345678</LocName></Source><RespURI>http://[3004::3001]:8000/comserver/omadm?sid=E35E7147B610817FE2052D71AD854B54</RespURI><Cred><Meta><Format xmlns="syncml:metinf">b64</Format><Type xmlns="syncml:metinf">syncml:auth-md5</Type></Meta><Data>x19NBy6VfE04D9y3azE34g==</Data></Cred><Meta><MaxMsgSize xmlns="syncml:metinf">10000</MaxMsgSize></Meta></SyncHdr><SyncBody><Status><CmdID>1</CmdID><MsgRef>2</MsgRef><CmdRef>0</CmdRef><Cmd>SyncHdr</Cmd><TargetRef>http://3004::3001:8000/comserver/omadm</TargetRef><SourceRef>+8618612345678</SourceRef><Chal><Meta><Format xmlns="syncml:metinf">b64</Format><Type xmlns="syncml:metinf">syncml:auth-md5</Type><NextNonce xmlns="syncml:metinf">MTQ4ODUyMzAwNDc2MA==</NextNonce></Meta></Chal><Data>212</Data></Status><Status><CmdID>2</CmdID><MsgRef>2</MsgRef><CmdRef>2</CmdRef><Cmd>Alert</Cmd><Data>200</Data></Status><Status><CmdID>3</CmdID><MsgRef>2</MsgRef><CmdRef>3</CmdRef><Cmd>Replace</Cmd><Data>200</Data></Status><Final/></SyncBody></SyncML>]]></msgValue>
    </traceMsg>
</omInterface>
</oma>