<?xml version="1.0" encoding="UTF-8"?>
<omInterface>
    <traceMsg>
        <localIpType>0</localIpType>
        <localIpAddr>172.16.100.211</localIpAddr>
        <localIpPort>8000</localIpPort>
        <remoteIpType>0</remoteIpType>
        <remoteIpAddr>172.31.0.210</remoteIpAddr>
        <remoteIpPort>43580</remoteIpPort>
        <userTraceHandle>
            <int>13</int>
        </userTraceHandle>
        <msgType>0</msgType>
        <direction>0</direction>
        <msgName>POST /comserver/omadm</msgName>
        <msgLen>3046</msgLen>
        <msgValue><![CDATA[host: 172.16.100.211:8000
content-length: 2926
user-agent: workssys.com
content-type: application/vnd.syncml.dm+xml
<?xml version='1.0' encoding='UTF-8'?><SyncML xmlns='SYNCML:SYNCML1.2'><SyncHdr><VerDTD>1.2</VerDTD><VerProto>DM/1.2</VerProto><SessionID>1</SessionID><MsgID>1</MsgID><Target><LocURI>http://172.16.100.211:8000/comserver/omadm</LocURI><LocName>OneMS</LocName></Target><Source><LocURI>+8618612345678</LocURI><LocName>+8618612345678</LocName></Source><Cred><Meta><Type xmlns='syncml:metinf'>syncml:auth-md5</Type><Format xmlns='syncml:metinf'>b64</Format></Meta><Data>Z5D5WT9I82sdhHp/O2QjQA==</Data></Cred><Meta><MaxMsgSize xmlns='syncml:metinf'>10000</MaxMsgSize></Meta></SyncHdr><SyncBody><Alert><CmdID>1</CmdID><Data>1201</Data></Alert><Replace><CmdID>2</CmdID><Item><Source><LocURI>./DevInfo/DevId</LocURI></Source><Meta><Format xmlns='syncml:metinf'>chr</Format><Type xmlns='syncml:metinf'>text/plain</Type></Meta><Data>+8618612345678</Data></Item><Item><Source><LocURI>./DevInfo/Man</LocURI></Source><Meta><Format xmlns='syncml:metinf'>chr</Format><Type xmlns='syncml:metinf'>text/plain</Type></Meta><Data>lucy</Data></Item><Item><Source><LocURI>./DevInfo/Mod</LocURI></Source><Meta><Format xmlns='syncml:metinf'>chr</Format><Type xmlns='syncml:metinf'>text/plain</Type></Meta><Data>11</Data></Item><Item><Source><LocURI>./DevInfo/DmV</LocURI></Source><Meta><Format xmlns='syncml:metinf'>chr</Format><Type xmlns='syncml:metinf'>text/plain</Type></Meta><Data>1.0</Data></Item><Item><Source><LocURI>./DevInfo/Lang</LocURI></Source><Meta><Format xmlns='syncml:metinf'>chr</Format><Type xmlns='syncml:metinf'>text/plain</Type></Meta><Data>US-en</Data></Item><Item><Source><LocURI>./DevDetail/DevType</LocURI></Source><Meta><Format xmlns='syncml:metinf'>chr</Format><Type xmlns='syncml:metinf'>text/plain</Type></Meta><Data>V0114</Data></Item><Item><Source><LocURI>./DevDetail/FwV</LocURI></Source><Meta><Format xmlns='syncml:metinf'>chr</Format><Type xmlns='syncml:metinf'>text/plain</Type></Meta><Data>V1.1.1.9-01010000</Data></Item><Item><Source><LocURI>./HuaweiExt/Register/Status</LocURI></Source><Meta><Format xmlns='syncml:metinf'>chr</Format><Type xmlns='syncml:metinf'>text/plain</Type></Meta><Data>1</Data></Item><Item><Source><LocURI>./DevDetail/UpgradeStatus</LocURI></Source><Meta><Format xmlns='syncml:metinf'>chr</Format><Type xmlns='syncml:metinf'>text/plain</Type></Meta><Data>0</Data></Item><Item><Source><LocURI>./DevDetail/TerIdentifier</LocURI></Source><Meta><Format xmlns='syncml:metinf'>chr</Format><Type xmlns='syncml:metinf'>text/plain</Type></Meta><Data>lucy2</Data></Item><Item><Source><LocURI>./DevDetail/LastProvisioningTime</LocURI></Source><Meta><Format xmlns='syncml:metinf'>chr</Format><Type xmlns='syncml:metinf'>text/plain</Type></Meta><Data>341995000</Data></Item><Item><Source><LocURI>./HuaweiExt/SBCsetting/cfgSBC</LocURI></Source><Meta><Format xmlns='syncml:metinf'>chr</Format><Type xmlns='syncml:metinf'>text/plain</Type></Meta><Data>0</Data></Item></Replace><Final/></SyncBody></SyncML>]]></msgValue>
    </traceMsg>
</omInterface>
<?xml version="1.0" encoding="UTF-8"?>
<omInterface>
    <traceMsg>
        <localIpType>0</localIpType>
        <localIpAddr>172.31.0.210</localIpAddr>
        <localIpPort>43580</localIpPort>
        <remoteIpType>0</remoteIpType>
        <remoteIpAddr>172.16.100.211</remoteIpAddr>
        <remoteIpPort>8000</remoteIpPort>
        <userTraceHandle>
            <int>13</int>
        </userTraceHandle>
        <msgType>0</msgType>
        <direction>1</direction>
        <msgName>200</msgName>
        <msgLen>1344</msgLen>
        <msgValue><![CDATA[Content-Type: application/vnd.syncml.dm+xml
Content-Length: 1278
Date: Wed, 15 Feb 2017 05:40:41 GMT
<SyncML xmlns="SYNCML:SYNCML1.2"><SyncHdr><VerDTD>1.2</VerDTD><VerProto>DM/1.2</VerProto><SessionID>1</SessionID><MsgID>1</MsgID><Target><LocURI>+8618612345678</LocURI><LocName>+8618612345678</LocName></Target><Source><LocURI>OneMS</LocURI><LocName>+8618612345678</LocName></Source><RespURI>http://172.16.100.211:8000/comserver/omadm?sid=4069EFB43A1E21CA37E6C7DDE3344B48</RespURI><Cred><Meta><Format xmlns="syncml:metinf">b64</Format><Type xmlns="syncml:metinf">syncml:auth-md5</Type></Meta><Data>PUreyj2VFl0OiGsQ4wBK2w==</Data></Cred><Meta><MaxMsgSize xmlns="syncml:metinf">10000</MaxMsgSize></Meta></SyncHdr><SyncBody><Status><CmdID>1</CmdID><MsgRef>1</MsgRef><CmdRef>0</CmdRef><Cmd>SyncHdr</Cmd><TargetRef>http://172.16.100.211:8000/comserver/omadm</TargetRef><SourceRef>+8618612345678</SourceRef><Chal><Meta><Format xmlns="syncml:metinf">b64</Format><Type xmlns="syncml:metinf">syncml:auth-md5</Type><NextNonce xmlns="syncml:metinf">MTQ4NzEzNzI0MTEzMg==</NextNonce></Meta></Chal><Data>401</Data></Status><Status><CmdID>2</CmdID><MsgRef>1</MsgRef><CmdRef>2</CmdRef><Cmd>Replace</Cmd><Data>401</Data></Status><Status><CmdID>3</CmdID><MsgRef>1</MsgRef><CmdRef>1</CmdRef><Cmd>Alert</Cmd><Data>401</Data></Status><Final/></SyncBody></SyncML>]]></msgValue>
    </traceMsg>
</omInterface>
<?xml version="1.0" encoding="UTF-8"?>
<omInterface>
    <traceMsg>
        <localIpType>0</localIpType>
        <localIpAddr>172.16.100.211</localIpAddr>
        <localIpPort>8000</localIpPort>
        <remoteIpType>0</remoteIpType>
        <remoteIpAddr>172.31.0.210</remoteIpAddr>
        <remoteIpPort>43580</remoteIpPort>
        <userTraceHandle>
            <int>13</int>
        </userTraceHandle>
        <msgType>0</msgType>
        <direction>0</direction>
        <msgName>POST /comserver/omadm</msgName>
        <msgLen>3393</msgLen>
        <msgValue><![CDATA[host: 172.16.100.211:8000
content-length: 3273
user-agent: workssys.com
content-type: application/vnd.syncml.dm+xml
<?xml version='1.0' encoding='UTF-8'?><SyncML xmlns='SYNCML:SYNCML1.2'><SyncHdr><VerDTD>1.2</VerDTD><VerProto>DM/1.2</VerProto><SessionID>1</SessionID><MsgID>2</MsgID><Target><LocURI>http://172.16.100.211:8000/comserver/omadm</LocURI><LocName>OneMS</LocName></Target><Source><LocURI>+8618612345678</LocURI><LocName>+8618612345678</LocName></Source><Cred><Meta><Type xmlns='syncml:metinf'>syncml:auth-md5</Type><Format xmlns='syncml:metinf'>b64</Format></Meta><Data>DgVVsdsIfL9QuYnln640kQ==</Data></Cred><Meta><MaxMsgSize xmlns='syncml:metinf'>10000</MaxMsgSize></Meta></SyncHdr><SyncBody><Status><CmdID>1</CmdID><MsgRef>1</MsgRef><CmdRef>0</CmdRef><Cmd>SyncHdr</Cmd><TargetRef>+8618612345678</TargetRef><SourceRef>OneMS</SourceRef><Chal><Meta><Format xmlns='syncml:metinf'>b64</Format><Type xmlns='syncml:metinf'>syncml:auth-md5</Type><NextNonce xmlns='syncml:metinf'>MTY1MzY2NTM1Nw==</NextNonce></Meta></Chal><Data>401</Data></Status><Alert><CmdID>2</CmdID><Data>1201</Data></Alert><Replace><CmdID>3</CmdID><Item><Source><LocURI>./DevInfo/DevId</LocURI></Source><Meta><Format xmlns='syncml:metinf'>chr</Format><Type xmlns='syncml:metinf'>text/plain</Type></Meta><Data>+8618612345678</Data></Item><Item><Source><LocURI>./DevInfo/Man</LocURI></Source><Meta><Format xmlns='syncml:metinf'>chr</Format><Type xmlns='syncml:metinf'>text/plain</Type></Meta><Data>lucy</Data></Item><Item><Source><LocURI>./DevInfo/Mod</LocURI></Source><Meta><Format xmlns='syncml:metinf'>chr</Format><Type xmlns='syncml:metinf'>text/plain</Type></Meta><Data>11</Data></Item><Item><Source><LocURI>./DevInfo/DmV</LocURI></Source><Meta><Format xmlns='syncml:metinf'>chr</Format><Type xmlns='syncml:metinf'>text/plain</Type></Meta><Data>1.0</Data></Item><Item><Source><LocURI>./DevInfo/Lang</LocURI></Source><Meta><Format xmlns='syncml:metinf'>chr</Format><Type xmlns='syncml:metinf'>text/plain</Type></Meta><Data>US-en</Data></Item><Item><Source><LocURI>./DevDetail/DevType</LocURI></Source><Meta><Format xmlns='syncml:metinf'>chr</Format><Type xmlns='syncml:metinf'>text/plain</Type></Meta><Data>V0114</Data></Item><Item><Source><LocURI>./DevDetail/FwV</LocURI></Source><Meta><Format xmlns='syncml:metinf'>chr</Format><Type xmlns='syncml:metinf'>text/plain</Type></Meta><Data>V1.1.1.9-01010000</Data></Item><Item><Source><LocURI>./HuaweiExt/Register/Status</LocURI></Source><Meta><Format xmlns='syncml:metinf'>chr</Format><Type xmlns='syncml:metinf'>text/plain</Type></Meta><Data>1</Data></Item><Item><Source><LocURI>./DevDetail/UpgradeStatus</LocURI></Source><Meta><Format xmlns='syncml:metinf'>chr</Format><Type xmlns='syncml:metinf'>text/plain</Type></Meta><Data>0</Data></Item><Item><Source><LocURI>./DevDetail/TerIdentifier</LocURI></Source><Meta><Format xmlns='syncml:metinf'>chr</Format><Type xmlns='syncml:metinf'>text/plain</Type></Meta><Data>lucy2</Data></Item><Item><Source><LocURI>./DevDetail/LastProvisioningTime</LocURI></Source><Meta><Format xmlns='syncml:metinf'>chr</Format><Type xmlns='syncml:metinf'>text/plain</Type></Meta><Data>341995000</Data></Item><Item><Source><LocURI>./HuaweiExt/SBCsetting/cfgSBC</LocURI></Source><Meta><Format xmlns='syncml:metinf'>chr</Format><Type xmlns='syncml:metinf'>text/plain</Type></Meta><Data>0</Data></Item></Replace><Final/></SyncBody></SyncML>]]></msgValue>
    </traceMsg>
</omInterface>
<?xml version="1.0" encoding="UTF-8"?>
<omInterface>
    <traceMsg>
        <localIpType>0</localIpType>
        <localIpAddr>172.31.0.210</localIpAddr>
        <localIpPort>43580</localIpPort>
        <remoteIpType>0</remoteIpType>
        <remoteIpAddr>172.16.100.211</remoteIpAddr>
        <remoteIpPort>8000</remoteIpPort>
        <userTraceHandle>
            <int>13</int>
        </userTraceHandle>
        <msgType>0</msgType>
        <direction>1</direction>
        <msgName>200</msgName>
        <msgLen>1431</msgLen>
        <msgValue><![CDATA[Content-Type: application/vnd.syncml.dm+xml
Content-Length: 1365
Date: Wed, 15 Feb 2017 05:40:41 GMT
<SyncML xmlns="SYNCML:SYNCML1.2"><SyncHdr><VerDTD>1.2</VerDTD><VerProto>DM/1.2</VerProto><SessionID>1</SessionID><MsgID>2</MsgID><Target><LocURI>+8618612345678</LocURI><LocName>+8618612345678</LocName></Target><Source><LocURI>OneMS</LocURI><LocName>+8618612345678</LocName></Source><RespURI>http://172.16.100.211:8000/comserver/omadm?sid=4069EFB43A1E21CA37E6C7DDE3344B48</RespURI><Cred><Meta><Format xmlns="syncml:metinf">b64</Format><Type xmlns="syncml:metinf">syncml:auth-md5</Type></Meta><Data>+vVwnnXplo2Xza8M3QHGAA==</Data></Cred><Meta><MaxMsgSize xmlns="syncml:metinf">10000</MaxMsgSize></Meta></SyncHdr><SyncBody><Status><CmdID>1</CmdID><MsgRef>2</MsgRef><CmdRef>0</CmdRef><Cmd>SyncHdr</Cmd><TargetRef>http://172.16.100.211:8000/comserver/omadm</TargetRef><SourceRef>+8618612345678</SourceRef><Chal><Meta><Format xmlns="syncml:metinf">b64</Format><Type xmlns="syncml:metinf">syncml:auth-md5</Type><NextNonce xmlns="syncml:metinf">MTQ4NzEzNzI0MTE2OQ==</NextNonce></Meta></Chal><Data>212</Data></Status><Status><CmdID>2</CmdID><MsgRef>2</MsgRef><CmdRef>3</CmdRef><Cmd>Replace</Cmd><Data>200</Data></Status><Status><CmdID>3</CmdID><MsgRef>2</MsgRef><CmdRef>2</CmdRef><Cmd>Alert</Cmd><Data>200</Data></Status><Get><CmdID>4</CmdID><Item><Target><LocURI>./DevInfo/Man</LocURI></Target></Item></Get><Final/></SyncBody></SyncML>]]></msgValue>
    </traceMsg>
</omInterface>
<?xml version="1.0" encoding="UTF-8"?>
<omInterface>
    <traceMsg>
        <localIpType>0</localIpType>
        <localIpAddr>172.16.100.211</localIpAddr>
        <localIpPort>8000</localIpPort>
        <remoteIpType>0</remoteIpType>
        <remoteIpAddr>172.31.0.210</remoteIpAddr>
        <remoteIpPort>43580</remoteIpPort>
        <userTraceHandle>
            <int>13</int>
        </userTraceHandle>
        <msgType>0</msgType>
        <direction>0</direction>
        <msgName>POST /comserver/omadm</msgName>
        <msgLen>1218</msgLen>
        <msgValue><![CDATA[host: 172.16.100.211:8000
content-length: 1098
user-agent: workssys.com
content-type: application/vnd.syncml.dm+xml
<?xml version='1.0' encoding='UTF-8'?><SyncML xmlns='SYNCML:SYNCML1.2'><SyncHdr><VerDTD>1.2</VerDTD><VerProto>DM/1.2</VerProto><SessionID>1</SessionID><MsgID>3</MsgID><Target><LocURI>http://172.16.100.211:8000/comserver/omadm</LocURI></Target><Source><LocURI>+8618612345678</LocURI></Source><Meta><MaxMsgSize xmlns='syncml:metinf'>10000</MaxMsgSize></Meta></SyncHdr><SyncBody><Status><CmdID>1</CmdID><MsgRef>2</MsgRef><CmdRef>0</CmdRef><Cmd>SyncHdr</Cmd><TargetRef>+8618612345678</TargetRef><SourceRef>OneMS</SourceRef><Chal><Meta><Type xmlns='syncml:metinf'>syncml:auth-md5</Type><Format xmlns='syncml:metinf'>b64</Format><NextNonce xmlns='syncml:metinf'>MjEwODIyMTk1Nw==</NextNonce></Meta></Chal><Data>212</Data></Status><Status><CmdID>2</CmdID><MsgRef>2</MsgRef><CmdRef>4</CmdRef><Cmd>Get</Cmd><Data>200</Data></Status><Results><CmdID>3</CmdID><MsgRef>2</MsgRef><CmdRef>4</CmdRef><Item><Source><LocURI>./DevInfo/Man</LocURI></Source><Meta><Format xmlns='syncml:metinf'>chr</Format><Type xmlns='syncml:metinf'>text/plain</Type></Meta><Data>lucy</Data></Item></Results><Final/></SyncBody></SyncML>]]></msgValue>
    </traceMsg>
</omInterface>
<?xml version="1.0" encoding="UTF-8"?>
<omInterface>
    <traceMsg>
        <localIpType>0</localIpType>
        <localIpAddr>172.31.0.210</localIpAddr>
        <localIpPort>43580</localIpPort>
        <remoteIpType>0</remoteIpType>
        <remoteIpAddr>172.16.100.211</remoteIpAddr>
        <remoteIpPort>8000</remoteIpPort>
        <userTraceHandle>
            <int>13</int>
        </userTraceHandle>
        <msgType>0</msgType>
        <direction>1</direction>
        <msgName>200</msgName>
        <msgLen>918</msgLen>
        <msgValue><![CDATA[Content-Type: application/vnd.syncml.dm+xml
Content-Length: 853
Date: Wed, 15 Feb 2017 05:40:41 GMT
<SyncML xmlns="SYNCML:SYNCML1.2"><SyncHdr><VerDTD>1.2</VerDTD><VerProto>DM/1.2</VerProto><SessionID>1</SessionID><MsgID>3</MsgID><Target><LocURI>+8618612345678</LocURI></Target><Source><LocURI>OneMS</LocURI></Source><RespURI>http://172.16.100.211:8000/comserver/omadm?sid=4069EFB43A1E21CA37E6C7DDE3344B48</RespURI><Meta><MaxMsgSize xmlns="syncml:metinf">10000</MaxMsgSize></Meta></SyncHdr><SyncBody><Status><CmdID>1</CmdID><MsgRef>3</MsgRef><CmdRef>0</CmdRef><Cmd>SyncHdr</Cmd><TargetRef>http://172.16.100.211:8000/comserver/omadm</TargetRef><SourceRef>+8618612345678</SourceRef><Chal><Meta><Format xmlns="syncml:metinf">b64</Format><Type xmlns="syncml:metinf">syncml:auth-md5</Type><NextNonce xmlns="syncml:metinf">MTQ4NzEzNzI0MTUyMQ==</NextNonce></Meta></Chal><Data>212</Data></Status><Final/></SyncBody></SyncML>]]></msgValue>
    </traceMsg>
</omInterface>