<?xml version="1.0" encoding="UTF-8"?>
<oma>
<omInterface>
    <traceMsg>
        <localIpType>0</localIpType>
        <localIpAddr>172.20.141.32</localIpAddr>
        <localIpPort>8000</localIpPort>
        <remoteIpType>0</remoteIpType>
        <remoteIpAddr>172.16.100.163</remoteIpAddr>
        <remoteIpPort>36376</remoteIpPort>
        <userTraceHandle>
            <int>12</int>
        </userTraceHandle>
        <msgType>0</msgType>
        <direction>0</direction>
        <msgName>POST /comserver/omadm</msgName>
        <msgLen>3079</msgLen>
        <msgValue><![CDATA[host: 172.16.100.156:8000
content-length: 2916
user-agent: workssys.com
content-type: application/vnd.syncml.dm+xml
authorization: basic MUB3d3cubHVjeS5jb20=
<?xml version='1.0' encoding='UTF-8'?><SyncML xmlns='SYNCML:SYNCML1.2'><SyncHdr><VerDTD>1.2</VerDTD><VerProto>DM/1.2</VerProto><SessionID>1</SessionID><MsgID>1</MsgID><Target><LocURI>http://172.16.100.156:8000/comserver/omadm</LocURI><LocName>OneMS</LocName></Target><Source><LocURI>000000000001</LocURI><LocName>000000000001</LocName></Source><Cred><Meta><Type xmlns='syncml:metinf'>syncml:auth-md5</Type><Format xmlns='syncml:metinf'>b64</Format></Meta><Data>TVDh6Ndjy4w3czdt5ceVCg==</Data></Cred><Meta><MaxMsgSize xmlns='syncml:metinf'>10000</MaxMsgSize></Meta></SyncHdr><SyncBody><Alert><CmdID>1</CmdID><Data>1201</Data></Alert><Replace><CmdID>2</CmdID><Item><Source><LocURI>./DevInfo/DevId</LocURI></Source><Meta><Format xmlns='syncml:metinf'>chr</Format><Type xmlns='syncml:metinf'>text/plain</Type></Meta><Data>000000000001</Data></Item><Item><Source><LocURI>./DevInfo/Man</LocURI></Source><Meta><Format xmlns='syncml:metinf'>chr</Format><Type xmlns='syncml:metinf'>text/plain</Type></Meta><Data>lucy445</Data></Item><Item><Source><LocURI>./DevInfo/Mod</LocURI></Source><Meta><Format xmlns='syncml:metinf'>chr</Format><Type xmlns='syncml:metinf'>text/plain</Type></Meta><Data>112</Data></Item><Item><Source><LocURI>./DevInfo/DmV</LocURI></Source><Meta><Format xmlns='syncml:metinf'>chr</Format><Type xmlns='syncml:metinf'>text/plain</Type></Meta><Data>1.0</Data></Item><Item><Source><LocURI>./DevInfo/Lang</LocURI></Source><Meta><Format xmlns='syncml:metinf'>chr</Format><Type xmlns='syncml:metinf'>text/plain</Type></Meta><Data>US-en</Data></Item><Item><Source><LocURI>./DevDetail/DevType</LocURI></Source><Meta><Format xmlns='syncml:metinf'>chr</Format><Type xmlns='syncml:metinf'>text/plain</Type></Meta><Data>v0101</Data></Item><Item><Source><LocURI>./DevDetail/FwV</LocURI></Source><Meta><Format xmlns='syncml:metinf'>chr</Format><Type xmlns='syncml:metinf'>text/plain</Type></Meta><Data>v1.1.1.1-01010000</Data></Item><Item><Source><LocURI>./HuaweiExt/Register/Status</LocURI></Source><Meta><Format xmlns='syncml:metinf'>chr</Format><Type xmlns='syncml:metinf'>text/plain</Type></Meta><Data>1</Data></Item><Item><Source><LocURI>./DevDetail/UpgradeStatus</LocURI></Source><Meta><Format xmlns='syncml:metinf'>chr</Format><Type xmlns='syncml:metinf'>text/plain</Type></Meta><Data>0</Data></Item><Item><Source><LocURI>./DevDetail/TerIdentifier</LocURI></Source><Meta><Format xmlns='syncml:metinf'>chr</Format><Type xmlns='syncml:metinf'>text/plain</Type></Meta><Data>lucy</Data></Item><Item><Source><LocURI>./DevDetail/LastProvisioningTime</LocURI></Source><Meta><Format xmlns='syncml:metinf'>chr</Format><Type xmlns='syncml:metinf'>text/plain</Type></Meta><Data>17</Data></Item><Item><Source><LocURI>./HuaweiExt/SBCsetting/cfgSBC</LocURI></Source><Meta><Format xmlns='syncml:metinf'>chr</Format><Type xmlns='syncml:metinf'>text/plain</Type></Meta><Data>1</Data></Item></Replace><Final/></SyncBody></SyncML>]]></msgValue>
    </traceMsg>
</omInterface>
<omInterface>
    <traceMsg>
        <localIpType>0</localIpType>
        <localIpAddr>172.16.100.163</localIpAddr>
        <localIpPort>36376</localIpPort>
        <remoteIpType>0</remoteIpType>
        <remoteIpAddr>172.20.141.32</remoteIpAddr>
        <remoteIpPort>8000</remoteIpPort>
        <userTraceHandle>
            <int>12</int>
        </userTraceHandle>
        <msgType>0</msgType>
        <direction>1</direction>
        <msgName>200</msgName>
        <msgLen>2404</msgLen>
        <msgValue><![CDATA[Content-Type: application/vnd.syncml.dm+xml
Content-Length: 2314
Date: Thu, 23 Feb 2017 09:22:04 GMT
<?xml version="1.0" encoding="UTF-8"?><SyncML xmlns="SYNCML:SYNCML1.2"><SyncHdr><VerDTD>1.2</VerDTD><VerProto>DM/1.2</VerProto><SessionID>1</SessionID><MsgID>1</MsgID><Target><LocURI>000000000001</LocURI><LocName>000000000001</LocName></Target><Source><LocURI>OneMS</LocURI><LocName>000000000001</LocName></Source><RespURI>http://172.16.100.156:8000/comserver/omadm?sid=4CCC976D32A6AD6BD96A452BFCD32E9E</RespURI><Cred><Meta><Format xmlns="syncml:metinf">b64</Format><Type xmlns="syncml:metinf">syncml:auth-md5</Type></Meta><Data>cG/engamOjRoD8EoHaAfSA==</Data></Cred><Meta><MaxMsgSize xmlns="syncml:metinf">10000</MaxMsgSize></Meta></SyncHdr><SyncBody><Status><CmdID>1</CmdID><MsgRef>1</MsgRef><CmdRef>0</CmdRef><Cmd>SyncHdr</Cmd><TargetRef>http://172.16.100.156:8000/comserver/omadm</TargetRef><SourceRef>000000000001</SourceRef><Chal><Meta><Format xmlns="syncml:metinf">b64</Format><Type xmlns="syncml:metinf">syncml:auth-md5</Type><NextNonce xmlns="syncml:metinf">MTQ4Nzg0MTcyMzgyOA==</NextNonce></Meta></Chal><Data>212</Data></Status><Status><CmdID>2</CmdID><MsgRef>1</MsgRef><CmdRef>2</CmdRef><Cmd>Replace</Cmd><Data>200</Data></Status><Status><CmdID>3</CmdID><MsgRef>1</MsgRef><CmdRef>1</CmdRef><Cmd>Alert</Cmd><Data>200</Data></Status><Replace><CmdID>4</CmdID><Item><Target><LocURI>./3GPP_IMS/RCS/Private_user_identity</LocURI></Target><Meta><Format xmlns="syncml:metinf">chr</Format></Meta><Data>000000000001@www.test.com</Data></Item><Item><Target><LocURI>./3GPP_IMS/RCS/Public_user_identity_List/1/Public_user_identity</LocURI></Target><Meta><Format xmlns="syncml:metinf">chr</Format></Meta><Data>sip:000000000001@www.test.com</Data></Item><Item><Target><LocURI>./3GPP_IMS/RCS/Home_network_domain_name</LocURI></Target><Meta><Format xmlns="syncml:metinf">chr</Format></Meta><Data>c6.huawei.com</Data></Item><Item><Target><LocURI>./3GPP_IMS/RCS/Ext/RCS/UserPwd</LocURI></Target><Meta><Format xmlns="syncml:metinf">chr</Format></Meta><Data>***</Data></Item><Item><Target><LocURI>./3GPP_IMS/RCS/Ext/RCS/UserPwd</LocURI></Target><Meta><Format xmlns="syncml:metinf">chr</Format></Meta><Data>***</Data></Item><Item><Target><LocURI>./DevDetail/LastProvisioningTime</LocURI></Target><Meta><Format xmlns="syncml:metinf">chr</Format></Meta><Data>18</Data></Item></Replace><Final/></SyncBody></SyncML>]]></msgValue>
    </traceMsg>
</omInterface>
<omInterface>
    <traceMsg>
        <localIpType>0</localIpType>
        <localIpAddr>172.20.141.32</localIpAddr>
        <localIpPort>8000</localIpPort>
        <remoteIpType>0</remoteIpType>
        <remoteIpAddr>172.16.100.163</remoteIpAddr>
        <remoteIpPort>36376</remoteIpPort>
        <userTraceHandle>
            <int>12</int>
        </userTraceHandle>
        <msgType>0</msgType>
        <direction>0</direction>
        <msgName>POST /comserver/omadm?sid=4CCC976D32A6AD6BD96A452BFCD32E9E</msgName>
        <msgLen>3214</msgLen>
        <msgValue><![CDATA[host: 172.16.100.156:8000
content-length: 3051
user-agent: workssys.com
content-type: application/vnd.syncml.dm+xml
authorization: basic MUB3d3cubHVjeS5jb20=
<?xml version='1.0' encoding='UTF-8'?><SyncML xmlns='SYNCML:SYNCML1.2'><SyncHdr><VerDTD>1.2</VerDTD><VerProto>DM/1.2</VerProto><SessionID>1</SessionID><MsgID>2</MsgID><Target><LocURI>http://172.16.100.156:8000/comserver/omadm</LocURI></Target><Source><LocURI>000000000001</LocURI></Source><Meta><MaxMsgSize xmlns='syncml:metinf'>10000</MaxMsgSize></Meta></SyncHdr><SyncBody><Status><CmdID>1</CmdID><MsgRef>1</MsgRef><CmdRef>0</CmdRef><Cmd>SyncHdr</Cmd><TargetRef>000000000001</TargetRef><SourceRef>OneMS</SourceRef><Chal><Meta><Format xmlns='syncml:metinf'>b64</Format><Type xmlns='syncml:metinf'>syncml:auth-md5</Type><NextNonce xmlns='syncml:metinf'>MTExMjI3NTA0OA==</NextNonce></Meta></Chal><Data>401</Data></Status><Alert><CmdID>2</CmdID><Data>1201</Data></Alert><Replace><CmdID>3</CmdID><Item><Source><LocURI>./DevInfo/DevId</LocURI></Source><Meta><Format xmlns='syncml:metinf'>chr</Format><Type xmlns='syncml:metinf'>text/plain</Type></Meta><Data>000000000001</Data></Item><Item><Source><LocURI>./DevInfo/Man</LocURI></Source><Meta><Format xmlns='syncml:metinf'>chr</Format><Type xmlns='syncml:metinf'>text/plain</Type></Meta><Data>lucy445</Data></Item><Item><Source><LocURI>./DevInfo/Mod</LocURI></Source><Meta><Format xmlns='syncml:metinf'>chr</Format><Type xmlns='syncml:metinf'>text/plain</Type></Meta><Data>112</Data></Item><Item><Source><LocURI>./DevInfo/DmV</LocURI></Source><Meta><Format xmlns='syncml:metinf'>chr</Format><Type xmlns='syncml:metinf'>text/plain</Type></Meta><Data>1.0</Data></Item><Item><Source><LocURI>./DevInfo/Lang</LocURI></Source><Meta><Format xmlns='syncml:metinf'>chr</Format><Type xmlns='syncml:metinf'>text/plain</Type></Meta><Data>US-en</Data></Item><Item><Source><LocURI>./DevDetail/DevType</LocURI></Source><Meta><Format xmlns='syncml:metinf'>chr</Format><Type xmlns='syncml:metinf'>text/plain</Type></Meta><Data>v0101</Data></Item><Item><Source><LocURI>./DevDetail/FwV</LocURI></Source><Meta><Format xmlns='syncml:metinf'>chr</Format><Type xmlns='syncml:metinf'>text/plain</Type></Meta><Data>v1.1.1.1-01010000</Data></Item><Item><Source><LocURI>./HuaweiExt/Register/Status</LocURI></Source><Meta><Format xmlns='syncml:metinf'>chr</Format><Type xmlns='syncml:metinf'>text/plain</Type></Meta><Data>1</Data></Item><Item><Source><LocURI>./DevDetail/UpgradeStatus</LocURI></Source><Meta><Format xmlns='syncml:metinf'>chr</Format><Type xmlns='syncml:metinf'>text/plain</Type></Meta><Data>0</Data></Item><Item><Source><LocURI>./DevDetail/TerIdentifier</LocURI></Source><Meta><Format xmlns='syncml:metinf'>chr</Format><Type xmlns='syncml:metinf'>text/plain</Type></Meta><Data>lucy</Data></Item><Item><Source><LocURI>./DevDetail/LastProvisioningTime</LocURI></Source><Meta><Format xmlns='syncml:metinf'>chr</Format><Type xmlns='syncml:metinf'>text/plain</Type></Meta><Data>17</Data></Item><Item><Source><LocURI>./HuaweiExt/SBCsetting/cfgSBC</LocURI></Source><Meta><Format xmlns='syncml:metinf'>chr</Format><Type xmlns='syncml:metinf'>text/plain</Type></Meta><Data>1</Data></Item></Replace><Final/></SyncBody></SyncML>]]></msgValue>
    </traceMsg>
</omInterface>
<omInterface>
    <traceMsg>
        <localIpType>0</localIpType>
        <localIpAddr>172.16.100.163</localIpAddr>
        <localIpPort>36376</localIpPort>
        <remoteIpType>0</remoteIpType>
        <remoteIpAddr>172.20.141.32</remoteIpAddr>
        <remoteIpPort>8000</remoteIpPort>
        <userTraceHandle>
            <int>12</int>
        </userTraceHandle>
        <msgType>0</msgType>
        <direction>1</direction>
        <msgName>200</msgName>
        <msgLen>2342</msgLen>
        <msgValue><![CDATA[Content-Type: application/vnd.syncml.dm+xml
Content-Length: 2252
Date: Thu, 23 Feb 2017 09:22:04 GMT
<?xml version="1.0" encoding="UTF-8"?><SyncML xmlns="SYNCML:SYNCML1.2"><SyncHdr><VerDTD>1.2</VerDTD><VerProto>DM/1.2</VerProto><SessionID>1</SessionID><MsgID>2</MsgID><Target><LocURI>000000000001</LocURI></Target><Source><LocURI>OneMS</LocURI></Source><RespURI>http://172.16.100.156:8000/comserver/omadm?sid=4CCC976D32A6AD6BD96A452BFCD32E9E</RespURI><Cred><Meta><Format xmlns="syncml:metinf">b64</Format><Type xmlns="syncml:metinf">syncml:auth-md5</Type></Meta><Data>8vxCKnHzzBEFmwLbqwgIDA==</Data></Cred><Meta><MaxMsgSize xmlns="syncml:metinf">10000</MaxMsgSize></Meta></SyncHdr><SyncBody><Status><CmdID>1</CmdID><MsgRef>2</MsgRef><CmdRef>0</CmdRef><Cmd>SyncHdr</Cmd><TargetRef>http://172.16.100.156:8000/comserver/omadm</TargetRef><SourceRef>000000000001</SourceRef><Chal><Meta><Format xmlns="syncml:metinf">b64</Format><Type xmlns="syncml:metinf">syncml:auth-md5</Type><NextNonce xmlns="syncml:metinf">MTQ4Nzg0MTcyNDI0OQ==</NextNonce></Meta></Chal><Data>212</Data></Status><Status><CmdID>2</CmdID><MsgRef>2</MsgRef><CmdRef>3</CmdRef><Cmd>Replace</Cmd><Data>200</Data></Status><Status><CmdID>3</CmdID><MsgRef>2</MsgRef><CmdRef>2</CmdRef><Cmd>Alert</Cmd><Data>200</Data></Status><Replace><CmdID>4</CmdID><Item><Target><LocURI>./3GPP_IMS/RCS/Private_user_identity</LocURI></Target><Meta><Format xmlns="syncml:metinf">chr</Format></Meta><Data>000000000001@www.test.com</Data></Item><Item><Target><LocURI>./3GPP_IMS/RCS/Public_user_identity_List/1/Public_user_identity</LocURI></Target><Meta><Format xmlns="syncml:metinf">chr</Format></Meta><Data>sip:000000000001@www.test.com</Data></Item><Item><Target><LocURI>./3GPP_IMS/RCS/Home_network_domain_name</LocURI></Target><Meta><Format xmlns="syncml:metinf">chr</Format></Meta><Data>c6.huawei.com</Data></Item><Item><Target><LocURI>./3GPP_IMS/RCS/Ext/RCS/UserPwd</LocURI></Target><Meta><Format xmlns="syncml:metinf">chr</Format></Meta><Data>***</Data></Item><Item><Target><LocURI>./3GPP_IMS/RCS/Ext/RCS/UserPwd</LocURI></Target><Meta><Format xmlns="syncml:metinf">chr</Format></Meta><Data>***</Data></Item><Item><Target><LocURI>./DevDetail/LastProvisioningTime</LocURI></Target><Meta><Format xmlns="syncml:metinf">chr</Format></Meta><Data>18</Data></Item></Replace><Final/></SyncBody></SyncML>]]></msgValue>
    </traceMsg>
</omInterface>
<omInterface>
    <traceMsg>
        <localIpType>0</localIpType>
        <localIpAddr>172.20.141.32</localIpAddr>
        <localIpPort>8000</localIpPort>
        <remoteIpType>0</remoteIpType>
        <remoteIpAddr>172.16.100.163</remoteIpAddr>
        <remoteIpPort>36376</remoteIpPort>
        <userTraceHandle>
            <int>12</int>
        </userTraceHandle>
        <msgType>0</msgType>
        <direction>0</direction>
        <msgName>POST /comserver/omadm?sid=4CCC976D32A6AD6BD96A452BFCD32E9E</msgName>
        <msgLen>1008</msgLen>
        <msgValue><![CDATA[host: 172.16.100.156:8000
content-length: 846
user-agent: workssys.com
content-type: application/vnd.syncml.dm+xml
authorization: basic MUB3d3cubHVjeS5jb20=
<?xml version='1.0' encoding='UTF-8'?><SyncML xmlns='SYNCML:SYNCML1.2'><SyncHdr><VerDTD>1.2</VerDTD><VerProto>DM/1.2</VerProto><SessionID>1</SessionID><MsgID>3</MsgID><Target><LocURI>http://172.16.100.156:8000/comserver/omadm</LocURI></Target><Source><LocURI>000000000001</LocURI></Source><Meta><MaxMsgSize xmlns='syncml:metinf'>10000</MaxMsgSize></Meta></SyncHdr><SyncBody><Status><CmdID>1</CmdID><MsgRef>2</MsgRef><CmdRef>0</CmdRef><Cmd>SyncHdr</Cmd><TargetRef>000000000001</TargetRef><SourceRef>OneMS</SourceRef><Chal><Meta><Type xmlns='syncml:metinf'>syncml:auth-md5</Type><Format xmlns='syncml:metinf'>b64</Format><NextNonce xmlns='syncml:metinf'>ODA3NDE5Nzg4</NextNonce></Meta></Chal><Data>212</Data></Status><Status><CmdID>2</CmdID><MsgRef>2</MsgRef><CmdRef>4</CmdRef><Cmd>Replace</Cmd><Data>200</Data></Status><Final/></SyncBody></SyncML>]]></msgValue>
    </traceMsg>
</omInterface>
<omInterface>
    <traceMsg>
        <localIpType>0</localIpType>
        <localIpAddr>172.16.100.163</localIpAddr>
        <localIpPort>36376</localIpPort>
        <remoteIpType>0</remoteIpType>
        <remoteIpAddr>172.20.141.32</remoteIpAddr>
        <remoteIpPort>8000</remoteIpPort>
        <userTraceHandle>
            <int>12</int>
        </userTraceHandle>
        <msgType>0</msgType>
        <direction>1</direction>
        <msgName>200</msgName>
        <msgLen>952</msgLen>
        <msgValue><![CDATA[Content-Type: application/vnd.syncml.dm+xml
Content-Length: 849
Date: Thu, 23 Feb 2017 09:22:04 GMT
<?xml version="1.0" encoding="UTF-8"?><SyncML xmlns="SYNCML:SYNCML1.2"><SyncHdr><VerDTD>1.2</VerDTD><VerProto>DM/1.2</VerProto><SessionID>1</SessionID><MsgID>3</MsgID><Target><LocURI>000000000001</LocURI></Target><Source><LocURI>OneMS</LocURI></Source><RespURI>http://172.16.100.156:8000/comserver/omadm?sid=4CCC976D32A6AD6BD96A452BFCD32E9E</RespURI><Meta><MaxMsgSize xmlns="syncml:metinf">10000</MaxMsgSize></Meta></SyncHdr><SyncBody><Status><CmdID>1</CmdID><MsgRef>3</MsgRef><CmdRef>0</CmdRef><Cmd>SyncHdr</Cmd><TargetRef>http://172.16.100.156:8000/comserver/omadm</TargetRef><SourceRef>000000000001</SourceRef><Chal><Meta><Format xmlns="syncml:metinf">b64</Format><Type xmlns="syncml:metinf">syncml:auth-md5</Type><NextNonce xmlns="syncml:metinf">MTQ4Nzg0MTcyNDM0OQ==</NextNonce></Meta></Chal><Data>212</Data></Status><Final/></SyncBody></SyncML>]]></msgValue>
    </traceMsg>
</omInterface>
</oma>